ARM GAS  /var/folders/yd/h_51qzcj4039f6rvxdz3lvym0000gn/T//ccmW1lDp.s 			page 1


   1              		.cpu cortex-m7
   2              		.arch armv7e-m
   3              		.fpu fpv5-d16
   4              		.eabi_attribute 28, 1
   5              		.eabi_attribute 20, 1
   6              		.eabi_attribute 21, 1
   7              		.eabi_attribute 23, 3
   8              		.eabi_attribute 24, 1
   9              		.eabi_attribute 25, 1
  10              		.eabi_attribute 26, 1
  11              		.eabi_attribute 30, 2
  12              		.eabi_attribute 34, 1
  13              		.eabi_attribute 18, 4
  14              		.file	"IIRFilter.cpp"
  15              		.text
  16              	.Ltext0:
  17              		.cfi_sections	.debug_frame
  18              		.section	.text._Z14IIRFilter_InitP9IIRFilterf,"ax",%progbits
  19              		.align	1
  20              		.p2align 2,,3
  21              		.global	_Z14IIRFilter_InitP9IIRFilterf
  22              		.syntax unified
  23              		.thumb
  24              		.thumb_func
  26              	_Z14IIRFilter_InitP9IIRFilterf:
  27              	.LVL0:
  28              	.LFB544:
  29              		.file 1 "IIRFilter.cpp"
   1:IIRFilter.cpp **** #include "IIRFilter.h"
   2:IIRFilter.cpp **** 
   3:IIRFilter.cpp **** void IIRFilter_Init(IIRFilter *filt, float alpha){
  30              		.loc 1 3 50 view -0
  31              		.cfi_startproc
  32              		@ args = 0, pretend = 0, frame = 0
  33              		@ frame_needed = 0, uses_anonymous_args = 0
  34              		@ link register save eliminated.
   4:IIRFilter.cpp **** 
   5:IIRFilter.cpp ****     /* Check if alpha value is within boundaries and store to struct */
   6:IIRFilter.cpp ****     if(alpha < 0.0f){
  35              		.loc 1 6 5 view .LVU1
  36 0000 B5EEC00A 		vcmpe.f32	s0, #0
  37 0004 0023     		movs	r3, #0
  38 0006 F1EE10FA 		vmrs	APSR_nzcv, FPSCR
  39 000a 0CD4     		bmi	.L11
   7:IIRFilter.cpp ****         filt->alpha = 0.0f;
   8:IIRFilter.cpp ****     }
   9:IIRFilter.cpp ****     else if (alpha > 1.0f){
  40              		.loc 1 9 10 view .LVU2
  41 000c F7EE007A 		vmov.f32	s15, #1.0e+0
  10:IIRFilter.cpp ****         filt->alpha = 1.0f;
  11:IIRFilter.cpp ****     }
  12:IIRFilter.cpp ****     else{
  13:IIRFilter.cpp ****         filt->alpha = alpha;
  14:IIRFilter.cpp ****     }
  15:IIRFilter.cpp **** 
  16:IIRFilter.cpp ****     /* Reset Output */
  17:IIRFilter.cpp ****     filt->out = 0.0f;
ARM GAS  /var/folders/yd/h_51qzcj4039f6rvxdz3lvym0000gn/T//ccmW1lDp.s 			page 2


  42              		.loc 1 17 15 is_stmt 0 view .LVU3
  43 0010 0023     		movs	r3, #0
  44 0012 4360     		str	r3, [r0, #4]	@ float
  13:IIRFilter.cpp ****     }
  45              		.loc 1 13 21 view .LVU4
  46 0014 B4EEE70A 		vcmpe.f32	s0, s15
  47 0018 F1EE10FA 		vmrs	APSR_nzcv, FPSCR
  48 001c 37FE800A 		vselgt.f32	s0, s15, s0
  49              	.LVL1:
  13:IIRFilter.cpp ****     }
  50              		.loc 1 13 21 view .LVU5
  51 0020 80ED000A 		vstr.32	s0, [r0]
  52              		.loc 1 17 5 is_stmt 1 view .LVU6
  18:IIRFilter.cpp **** }
  53              		.loc 1 18 1 is_stmt 0 view .LVU7
  54 0024 7047     		bx	lr
  55              	.LVL2:
  56              	.L11:
   7:IIRFilter.cpp ****     }
  57              		.loc 1 7 9 is_stmt 1 view .LVU8
   7:IIRFilter.cpp ****     }
  58              		.loc 1 7 21 is_stmt 0 view .LVU9
  59 0026 0360     		str	r3, [r0]	@ float
  17:IIRFilter.cpp **** }
  60              		.loc 1 17 5 is_stmt 1 view .LVU10
  17:IIRFilter.cpp **** }
  61              		.loc 1 17 15 is_stmt 0 view .LVU11
  62 0028 0023     		movs	r3, #0
  63 002a 4360     		str	r3, [r0, #4]	@ float
  64              		.loc 1 18 1 view .LVU12
  65 002c 7047     		bx	lr
  66              		.cfi_endproc
  67              	.LFE544:
  69 002e 00BF     		.section	.text._Z16IIRFilter_UpdateP9IIRFilterf,"ax",%progbits
  70              		.align	1
  71              		.p2align 2,,3
  72              		.global	_Z16IIRFilter_UpdateP9IIRFilterf
  73              		.syntax unified
  74              		.thumb
  75              		.thumb_func
  77              	_Z16IIRFilter_UpdateP9IIRFilterf:
  78              	.LVL3:
  79              	.LFB545:
  19:IIRFilter.cpp **** 
  20:IIRFilter.cpp **** float IIRFilter_Update(IIRFilter *filt, float in){
  80              		.loc 1 20 50 is_stmt 1 view -0
  81              		.cfi_startproc
  82              		@ args = 0, pretend = 0, frame = 0
  83              		@ frame_needed = 0, uses_anonymous_args = 0
  84              		@ link register save eliminated.
  21:IIRFilter.cpp **** 
  22:IIRFilter.cpp ****     /* Compute output */
  23:IIRFilter.cpp ****     filt->out = (1.0f - filt->alpha) * in + filt->alpha * filt->out;
  85              		.loc 1 23 5 view .LVU14
  86              		.loc 1 23 23 is_stmt 0 view .LVU15
  87 0000 B7EE007A 		vmov.f32	s14, #1.0e+0
  88              		.loc 1 23 31 view .LVU16
ARM GAS  /var/folders/yd/h_51qzcj4039f6rvxdz3lvym0000gn/T//ccmW1lDp.s 			page 3


  89 0004 D0ED007A 		vldr.32	s15, [r0]
  90              		.loc 1 23 57 view .LVU17
  91 0008 D0ED016A 		vldr.32	s13, [r0, #4]
  92              		.loc 1 23 23 view .LVU18
  93 000c 37EE677A 		vsub.f32	s14, s14, s15
  94              		.loc 1 23 57 view .LVU19
  95 0010 67EEA67A 		vmul.f32	s15, s15, s13
  96              		.loc 1 23 43 view .LVU20
  97 0014 E7EE007A 		vfma.f32	s15, s14, s0
  24:IIRFilter.cpp **** 
  25:IIRFilter.cpp ****     /* Return filtered output */
  26:IIRFilter.cpp ****     return filt->out;
  27:IIRFilter.cpp **** }...
  98              		.loc 1 27 1 view .LVU21
  99 0018 B0EE670A 		vmov.f32	s0, s15
 100              	.LVL4:
  23:IIRFilter.cpp ****     filt->out = (1.0f - filt->alpha) * in + filt->alpha * filt->out;
 101              		.loc 1 23 15 view .LVU22
 102 001c C0ED017A 		vstr.32	s15, [r0, #4]
  26:IIRFilter.cpp ****     return filt->out;
 103              		.loc 1 26 5 is_stmt 1 view .LVU23
 104              		.loc 1 27 1 is_stmt 0 view .LVU24
 105 0020 7047     		bx	lr
 106              		.cfi_endproc
 107              	.LFE545:
 109 0022 00BF     		.text
 110              	.Letext0:
 111              		.file 2 "/Library/DaisyToolchain/0.2.0/arm/arm-none-eabi/include/c++/10.3.1/cmath"
 112              		.file 3 "/Library/DaisyToolchain/0.2.0/arm/arm-none-eabi/include/c++/10.3.1/bits/std_abs.h"
 113              		.file 4 "/Library/DaisyToolchain/0.2.0/arm/arm-none-eabi/include/c++/10.3.1/arm-none-eabi/thumb/v7
 114              		.file 5 "/Library/DaisyToolchain/0.2.0/arm/arm-none-eabi/include/math.h"
 115              		.file 6 "/Library/DaisyToolchain/0.2.0/arm/arm-none-eabi/include/c++/10.3.1/math.h"
 116              		.file 7 "<built-in>"
 117              		.file 8 "IIRFilter.h"
ARM GAS  /var/folders/yd/h_51qzcj4039f6rvxdz3lvym0000gn/T//ccmW1lDp.s 			page 4


DEFINED SYMBOLS
                            *ABS*:0000000000000000 IIRFilter.cpp
/var/folders/yd/h_51qzcj4039f6rvxdz3lvym0000gn/T//ccmW1lDp.s:19     .text._Z14IIRFilter_InitP9IIRFilterf:0000000000000000 $t
/var/folders/yd/h_51qzcj4039f6rvxdz3lvym0000gn/T//ccmW1lDp.s:26     .text._Z14IIRFilter_InitP9IIRFilterf:0000000000000000 _Z14IIRFilter_InitP9IIRFilterf
/var/folders/yd/h_51qzcj4039f6rvxdz3lvym0000gn/T//ccmW1lDp.s:70     .text._Z16IIRFilter_UpdateP9IIRFilterf:0000000000000000 $t
/var/folders/yd/h_51qzcj4039f6rvxdz3lvym0000gn/T//ccmW1lDp.s:77     .text._Z16IIRFilter_UpdateP9IIRFilterf:0000000000000000 _Z16IIRFilter_UpdateP9IIRFilterf

NO UNDEFINED SYMBOLS
