ARM GAS  /var/folders/yd/h_51qzcj4039f6rvxdz3lvym0000gn/T//ccRJqdkE.s 			page 1


   1              		.cpu cortex-m7
   2              		.arch armv7e-m
   3              		.fpu fpv5-d16
   4              		.eabi_attribute 28, 1
   5              		.eabi_attribute 20, 1
   6              		.eabi_attribute 21, 1
   7              		.eabi_attribute 23, 3
   8              		.eabi_attribute 24, 1
   9              		.eabi_attribute 25, 1
  10              		.eabi_attribute 26, 1
  11              		.eabi_attribute 30, 2
  12              		.eabi_attribute 34, 1
  13              		.eabi_attribute 18, 4
  14              		.file	"TubeScreamer.cpp"
  15              		.text
  16              	.Ltext0:
  17              		.cfi_sections	.debug_frame
  18              		.section	.text._ZN12TubeScreamer7prepareEf,"ax",%progbits
  19              		.align	1
  20              		.p2align 2,,3
  21              		.global	_ZN12TubeScreamer7prepareEf
  22              		.syntax unified
  23              		.thumb
  24              		.thumb_func
  26              	_ZN12TubeScreamer7prepareEf:
  27              	.LVL0:
  28              	.LFB2971:
  29              		.file 1 "TubeScreamer.cpp"
   1:TubeScreamer.cpp **** #include "TubeScreamer.h"
   2:TubeScreamer.cpp **** 
   3:TubeScreamer.cpp **** void TubeScreamer::prepare(float sampleRate)
   4:TubeScreamer.cpp **** {
  30              		.loc 1 4 1 view -0
  31              		.cfi_startproc
  32              		@ args = 0, pretend = 0, frame = 0
  33              		@ frame_needed = 0, uses_anonymous_args = 0
   5:TubeScreamer.cpp ****     toneFilter.prepare(sampleRate * 2.0f); // Prepare the tone filter for oversampling
  34              		.loc 1 5 5 view .LVU1
   4:TubeScreamer.cpp ****     toneFilter.prepare(sampleRate * 2.0f); // Prepare the tone filter for oversampling
  35              		.loc 1 4 1 is_stmt 0 view .LVU2
  36 0000 10B5     		push	{r4, lr}
  37              		.cfi_def_cfa_offset 8
  38              		.cfi_offset 4, -8
  39              		.cfi_offset 14, -4
  40 0002 0446     		mov	r4, r0
  41 0004 2DED028B 		vpush.64	{d8}
  42              		.cfi_def_cfa_offset 16
  43              		.cfi_offset 80, -16
  44              		.cfi_offset 81, -12
   4:TubeScreamer.cpp ****     toneFilter.prepare(sampleRate * 2.0f); // Prepare the tone filter for oversampling
  45              		.loc 1 4 1 view .LVU3
  46 0008 B0EE408A 		vmov.f32	s16, s0
  47              		.loc 1 5 23 view .LVU4
  48 000c 30EE000A 		vadd.f32	s0, s0, s0
  49              	.LVL1:
  50              		.loc 1 5 23 view .LVU5
  51 0010 FFF7FEFF 		bl	_ZN8RCFilter7prepareEf
ARM GAS  /var/folders/yd/h_51qzcj4039f6rvxdz3lvym0000gn/T//ccRJqdkE.s 			page 2


  52              	.LVL2:
   6:TubeScreamer.cpp ****     oversampler.prepare();
  53              		.loc 1 6 5 is_stmt 1 view .LVU6
  54              		.loc 1 6 24 is_stmt 0 view .LVU7
  55 0014 04F59270 		add	r0, r4, #292
  56 0018 FFF7FEFF 		bl	_ZN13Oversampler2x7prepareEv
  57              	.LVL3:
   7:TubeScreamer.cpp ****     clippingStage.prepare(sampleRate); // Prepare the clipping stage
  58              		.loc 1 7 5 is_stmt 1 view .LVU8
  59              		.loc 1 7 26 is_stmt 0 view .LVU9
  60 001c B0EE480A 		vmov.f32	s0, s16
  61 0020 04F59670 		add	r0, r4, #300
   8:TubeScreamer.cpp **** }
  62              		.loc 1 8 1 view .LVU10
  63 0024 BDEC028B 		vldm	sp!, {d8}
  64              		.cfi_restore 80
  65              		.cfi_restore 81
  66              		.cfi_def_cfa_offset 8
  67              	.LVL4:
  68              		.loc 1 8 1 view .LVU11
  69 0028 BDE81040 		pop	{r4, lr}
  70              		.cfi_restore 14
  71              		.cfi_restore 4
  72              		.cfi_def_cfa_offset 0
  73              	.LVL5:
   7:TubeScreamer.cpp ****     clippingStage.prepare(sampleRate); // Prepare the clipping stage
  74              		.loc 1 7 26 view .LVU12
  75 002c FFF7FEBF 		b	_ZN13ClippingStage7prepareEf
  76              	.LVL6:
   7:TubeScreamer.cpp ****     clippingStage.prepare(sampleRate); // Prepare the clipping stage
  77              		.loc 1 7 26 view .LVU13
  78              		.cfi_endproc
  79              	.LFE2971:
  81              		.section	.text._ZN12TubeScreamer7setToneEff,"ax",%progbits
  82              		.align	1
  83              		.p2align 2,,3
  84              		.global	_ZN12TubeScreamer7setToneEff
  85              		.syntax unified
  86              		.thumb
  87              		.thumb_func
  89              	_ZN12TubeScreamer7setToneEff:
  90              	.LVL7:
  91              	.LFB2972:
   9:TubeScreamer.cpp **** 
  10:TubeScreamer.cpp **** void TubeScreamer::setTone(float R, float C)
  11:TubeScreamer.cpp **** {
  92              		.loc 1 11 1 is_stmt 1 view -0
  93              		.cfi_startproc
  94              		@ args = 0, pretend = 0, frame = 0
  95              		@ frame_needed = 0, uses_anonymous_args = 0
  12:TubeScreamer.cpp ****     toneFilter.setResistor(R);
  96              		.loc 1 12 5 view .LVU15
  11:TubeScreamer.cpp ****     toneFilter.setResistor(R);
  97              		.loc 1 11 1 is_stmt 0 view .LVU16
  98 0000 10B5     		push	{r4, lr}
  99              		.cfi_def_cfa_offset 8
 100              		.cfi_offset 4, -8
ARM GAS  /var/folders/yd/h_51qzcj4039f6rvxdz3lvym0000gn/T//ccRJqdkE.s 			page 3


 101              		.cfi_offset 14, -4
 102 0002 2DED028B 		vpush.64	{d8}
 103              		.cfi_def_cfa_offset 16
 104              		.cfi_offset 80, -16
 105              		.cfi_offset 81, -12
  11:TubeScreamer.cpp ****     toneFilter.setResistor(R);
 106              		.loc 1 11 1 view .LVU17
 107 0006 B0EE608A 		vmov.f32	s16, s1
 108 000a 0446     		mov	r4, r0
 109              		.loc 1 12 27 view .LVU18
 110 000c FFF7FEFF 		bl	_ZN8RCFilter11setResistorEf
 111              	.LVL8:
  13:TubeScreamer.cpp ****     toneFilter.setCapacitor(C);
 112              		.loc 1 13 5 is_stmt 1 view .LVU19
 113              		.loc 1 13 28 is_stmt 0 view .LVU20
 114 0010 2046     		mov	r0, r4
 115 0012 B0EE480A 		vmov.f32	s0, s16
  14:TubeScreamer.cpp **** }
 116              		.loc 1 14 1 view .LVU21
 117 0016 BDEC028B 		vldm	sp!, {d8}
 118              		.cfi_restore 80
 119              		.cfi_restore 81
 120              		.cfi_def_cfa_offset 8
 121              	.LVL9:
 122              		.loc 1 14 1 view .LVU22
 123 001a BDE81040 		pop	{r4, lr}
 124              		.cfi_restore 14
 125              		.cfi_restore 4
 126              		.cfi_def_cfa_offset 0
 127              	.LVL10:
  13:TubeScreamer.cpp ****     toneFilter.setCapacitor(C);
 128              		.loc 1 13 28 view .LVU23
 129 001e FFF7FEBF 		b	_ZN8RCFilter12setCapacitorEf
 130              	.LVL11:
  13:TubeScreamer.cpp ****     toneFilter.setCapacitor(C);
 131              		.loc 1 13 28 view .LVU24
 132              		.cfi_endproc
 133              	.LFE2972:
 135 0022 00BF     		.section	.text._ZN12TubeScreamer13processSampleEff,"ax",%progbits
 136              		.align	1
 137              		.p2align 2,,3
 138              		.global	_ZN12TubeScreamer13processSampleEff
 139              		.syntax unified
 140              		.thumb
 141              		.thumb_func
 143              	_ZN12TubeScreamer13processSampleEff:
 144              	.LVL12:
 145              	.LFB2973:
  15:TubeScreamer.cpp **** 
  16:TubeScreamer.cpp **** float TubeScreamer::processSample(float input, float potValue)
  17:TubeScreamer.cpp **** {
 146              		.loc 1 17 1 is_stmt 1 view -0
 147              		.cfi_startproc
 148              		@ args = 0, pretend = 0, frame = 16
 149              		@ frame_needed = 0, uses_anonymous_args = 0
  18:TubeScreamer.cpp ****     float x1, x2;
 150              		.loc 1 18 5 view .LVU26
ARM GAS  /var/folders/yd/h_51qzcj4039f6rvxdz3lvym0000gn/T//ccRJqdkE.s 			page 4


  19:TubeScreamer.cpp ****     oversampler.upsample(input, x1, x2);
 151              		.loc 1 19 5 view .LVU27
  17:TubeScreamer.cpp ****     float x1, x2;
 152              		.loc 1 17 1 is_stmt 0 view .LVU28
 153 0000 70B5     		push	{r4, r5, r6, lr}
 154              		.cfi_def_cfa_offset 16
 155              		.cfi_offset 4, -16
 156              		.cfi_offset 5, -12
 157              		.cfi_offset 6, -8
 158              		.cfi_offset 14, -4
 159              		.loc 1 19 25 view .LVU29
 160 0002 00F59275 		add	r5, r0, #292
  17:TubeScreamer.cpp ****     float x1, x2;
 161              		.loc 1 17 1 view .LVU30
 162 0006 84B0     		sub	sp, sp, #16
 163              		.cfi_def_cfa_offset 32
  20:TubeScreamer.cpp **** 
  21:TubeScreamer.cpp ****     float y1 = toneFilter.processSample(clippingStage.processSample(x1, potValue));
 164              		.loc 1 21 40 view .LVU31
 165 0008 00F59676 		add	r6, r0, #300
  17:TubeScreamer.cpp ****     float x1, x2;
 166              		.loc 1 17 1 view .LVU32
 167 000c 0446     		mov	r4, r0
  19:TubeScreamer.cpp **** 
 168              		.loc 1 19 25 view .LVU33
 169 000e 03AA     		add	r2, sp, #12
 170 0010 02A9     		add	r1, sp, #8
 171 0012 2846     		mov	r0, r5
 172              	.LVL13:
  17:TubeScreamer.cpp ****     float x1, x2;
 173              		.loc 1 17 1 view .LVU34
 174 0014 CDED010A 		vstr.32	s1, [sp, #4]	@ int
  19:TubeScreamer.cpp **** 
 175              		.loc 1 19 25 view .LVU35
 176 0018 FFF7FEFF 		bl	_ZN13Oversampler2x8upsampleEfRfS0_
 177              	.LVL14:
 178              		.loc 1 21 5 is_stmt 1 view .LVU36
 179              		.loc 1 21 40 is_stmt 0 view .LVU37
 180 001c DDED010A 		vldr.32	s1, [sp, #4]	@ int
 181 0020 3046     		mov	r0, r6
 182 0022 9DED020A 		vldr.32	s0, [sp, #8]
 183 0026 FFF7FEFF 		bl	_ZN13ClippingStage13processSampleEff
 184              	.LVL15:
 185 002a 2046     		mov	r0, r4
 186 002c FFF7FEFF 		bl	_ZN8RCFilter13processSampleEf
 187              	.LVL16:
  22:TubeScreamer.cpp ****     float y2 = toneFilter.processSample(clippingStage.processSample(x2, potValue));
 188              		.loc 1 22 5 is_stmt 1 view .LVU38
 189              		.loc 1 22 40 is_stmt 0 view .LVU39
 190 0030 DDED010A 		vldr.32	s1, [sp, #4]	@ int
 191 0034 3046     		mov	r0, r6
 192 0036 9DED030A 		vldr.32	s0, [sp, #12]
 193 003a FFF7FEFF 		bl	_ZN13ClippingStage13processSampleEff
 194              	.LVL17:
 195 003e 2046     		mov	r0, r4
 196 0040 FFF7FEFF 		bl	_ZN8RCFilter13processSampleEf
 197              	.LVL18:
ARM GAS  /var/folders/yd/h_51qzcj4039f6rvxdz3lvym0000gn/T//ccRJqdkE.s 			page 5


  23:TubeScreamer.cpp **** 
  24:TubeScreamer.cpp ****     return oversampler.downsample(y2);
 198              		.loc 1 24 5 is_stmt 1 view .LVU40
 199              		.loc 1 24 34 is_stmt 0 view .LVU41
 200 0044 2846     		mov	r0, r5
 201 0046 FFF7FEFF 		bl	_ZN13Oversampler2x10downsampleEf
 202              	.LVL19:
  25:TubeScreamer.cpp **** }
 203              		.loc 1 25 1 view .LVU42
 204 004a 04B0     		add	sp, sp, #16
 205              		.cfi_def_cfa_offset 16
 206              		@ sp needed
 207 004c 70BD     		pop	{r4, r5, r6, pc}
 208              		.loc 1 25 1 view .LVU43
 209              		.cfi_endproc
 210              	.LFE2973:
 212 004e 00BF     		.text
 213              	.Letext0:
 214              		.file 2 "/Library/DaisyToolchain/0.2.0/arm/arm-none-eabi/include/machine/_default_types.h"
 215              		.file 3 "/Library/DaisyToolchain/0.2.0/arm/arm-none-eabi/include/sys/_stdint.h"
 216              		.file 4 "/Library/DaisyToolchain/0.2.0/arm/arm-none-eabi/include/stdint.h"
 217              		.file 5 "/Library/DaisyToolchain/0.2.0/arm/lib/gcc/arm-none-eabi/10.3.1/include/stddef.h"
 218              		.file 6 "/Library/DaisyToolchain/0.2.0/arm/arm-none-eabi/include/c++/10.3.1/bits/basic_string.h"
 219              		.file 7 "/Library/DaisyToolchain/0.2.0/arm/arm-none-eabi/include/c++/10.3.1/cmath"
 220              		.file 8 "/Library/DaisyToolchain/0.2.0/arm/arm-none-eabi/include/c++/10.3.1/bits/std_abs.h"
 221              		.file 9 "/Library/DaisyToolchain/0.2.0/arm/arm-none-eabi/include/c++/10.3.1/arm-none-eabi/thumb/v7
 222              		.file 10 "/Library/DaisyToolchain/0.2.0/arm/arm-none-eabi/include/c++/10.3.1/type_traits"
 223              		.file 11 "/Library/DaisyToolchain/0.2.0/arm/arm-none-eabi/include/c++/10.3.1/bits/stl_pair.h"
 224              		.file 12 "/Library/DaisyToolchain/0.2.0/arm/arm-none-eabi/include/c++/10.3.1/debug/debug.h"
 225              		.file 13 "/Library/DaisyToolchain/0.2.0/arm/arm-none-eabi/include/c++/10.3.1/cstdlib"
 226              		.file 14 "/Library/DaisyToolchain/0.2.0/arm/arm-none-eabi/include/c++/10.3.1/bits/algorithmfwd.h"
 227              		.file 15 "/Library/DaisyToolchain/0.2.0/arm/arm-none-eabi/include/c++/10.3.1/bits/exception_ptr.h"
 228              		.file 16 "/Library/DaisyToolchain/0.2.0/arm/arm-none-eabi/include/c++/10.3.1/cstdint"
 229              		.file 17 "/Library/DaisyToolchain/0.2.0/arm/arm-none-eabi/include/c++/10.3.1/cstddef"
 230              		.file 18 "/Library/DaisyToolchain/0.2.0/arm/arm-none-eabi/include/c++/10.3.1/cwchar"
 231              		.file 19 "/Library/DaisyToolchain/0.2.0/arm/arm-none-eabi/include/c++/10.3.1/bits/char_traits.h"
 232              		.file 20 "/Library/DaisyToolchain/0.2.0/arm/arm-none-eabi/include/c++/10.3.1/bits/allocator.h"
 233              		.file 21 "/Library/DaisyToolchain/0.2.0/arm/arm-none-eabi/include/c++/10.3.1/clocale"
 234              		.file 22 "/Library/DaisyToolchain/0.2.0/arm/arm-none-eabi/include/c++/10.3.1/cstdio"
 235              		.file 23 "/Library/DaisyToolchain/0.2.0/arm/arm-none-eabi/include/c++/10.3.1/bits/alloc_traits.h"
 236              		.file 24 "/Library/DaisyToolchain/0.2.0/arm/arm-none-eabi/include/c++/10.3.1/initializer_list"
 237              		.file 25 "/Library/DaisyToolchain/0.2.0/arm/arm-none-eabi/include/c++/10.3.1/bits/stringfwd.h"
 238              		.file 26 "/Library/DaisyToolchain/0.2.0/arm/arm-none-eabi/include/c++/10.3.1/bits/uses_allocator.h
 239              		.file 27 "/Library/DaisyToolchain/0.2.0/arm/arm-none-eabi/include/c++/10.3.1/tuple"
 240              		.file 28 "/Library/DaisyToolchain/0.2.0/arm/arm-none-eabi/include/c++/10.3.1/functional"
 241              		.file 29 "/Library/DaisyToolchain/0.2.0/arm/arm-none-eabi/include/c++/10.3.1/bits/stl_iterator_bas
 242              		.file 30 "/Library/DaisyToolchain/0.2.0/arm/arm-none-eabi/include/c++/10.3.1/bits/predefined_ops.h
 243              		.file 31 "/Library/DaisyToolchain/0.2.0/arm/arm-none-eabi/include/c++/10.3.1/ext/new_allocator.h"
 244              		.file 32 "/Library/DaisyToolchain/0.2.0/arm/arm-none-eabi/include/c++/10.3.1/ext/alloc_traits.h"
 245              		.file 33 "/Library/DaisyToolchain/0.2.0/arm/arm-none-eabi/include/c++/10.3.1/bits/stl_iterator.h"
 246              		.file 34 "/Library/DaisyToolchain/0.2.0/arm/arm-none-eabi/include/sys/_types.h"
 247              		.file 35 "<built-in>"
 248              		.file 36 "/Library/DaisyToolchain/0.2.0/arm/arm-none-eabi/include/sys/reent.h"
 249              		.file 37 "/Library/DaisyToolchain/0.2.0/arm/arm-none-eabi/include/sys/lock.h"
 250              		.file 38 "/Library/DaisyToolchain/0.2.0/arm/arm-none-eabi/include/math.h"
 251              		.file 39 "/Library/DaisyToolchain/0.2.0/arm/arm-none-eabi/include/stdlib.h"
 252              		.file 40 "/Library/DaisyToolchain/0.2.0/arm/arm-none-eabi/include/c++/10.3.1/math.h"
ARM GAS  /var/folders/yd/h_51qzcj4039f6rvxdz3lvym0000gn/T//ccRJqdkE.s 			page 6


 253              		.file 41 "./chowdsp_wdf/wdft/wdft.h"
 254              		.file 42 "./chowdsp_wdf/wdft/../math/omega.h"
 255              		.file 43 "./chowdsp_wdf/wdft/wdft_base.h"
 256              		.file 44 "./chowdsp_wdf/wdft/wdft_nonlinearities.h"
 257              		.file 45 "./chowdsp_wdf/wdft/wdft_adaptors.h"
 258              		.file 46 "./chowdsp_wdf/wdft/wdft_sources.h"
 259              		.file 47 "./chowdsp_wdf/wdft/wdft_one_ports.h"
 260              		.file 48 "./chowdsp_wdf/wdf/wdf_one_ports.h"
 261              		.file 49 "./chowdsp_wdf/wdf/wdf_adaptors.h"
 262              		.file 50 "./chowdsp_wdf/wdf/wdf_sources.h"
 263              		.file 51 "./chowdsp_wdf/wdf/wdf_nonlinearities.h"
 264              		.file 52 "./chowdsp_wdf/wdf/wdf_base.h"
 265              		.file 53 "./chowdsp_wdf/wdft/../math/sample_type.h"
 266              		.file 54 "/Library/DaisyToolchain/0.2.0/arm/lib/gcc/arm-none-eabi/10.3.1/include/stdarg.h"
 267              		.file 55 "/Library/DaisyToolchain/0.2.0/arm/arm-none-eabi/include/wchar.h"
 268              		.file 56 "/Library/DaisyToolchain/0.2.0/arm/arm-none-eabi/include/locale.h"
 269              		.file 57 "/Library/DaisyToolchain/0.2.0/arm/arm-none-eabi/include/stdio.h"
 270              		.file 58 "RCFilter.h"
 271              		.file 59 "Oversampler2x.h"
 272              		.file 60 "ClipWDFa.h"
 273              		.file 61 "ClipWDFb.h"
 274              		.file 62 "ClipWDFc.h"
 275              		.file 63 "TSClipping.h"
 276              		.file 64 "TubeScreamer.h"
 277              		.file 65 "./chowdsp_wdf/chowdsp_wdf.h"
 278              		.file 66 "./chowdsp_wdf/wdf/wdf.h"
ARM GAS  /var/folders/yd/h_51qzcj4039f6rvxdz3lvym0000gn/T//ccRJqdkE.s 			page 7


DEFINED SYMBOLS
                            *ABS*:0000000000000000 TubeScreamer.cpp
/var/folders/yd/h_51qzcj4039f6rvxdz3lvym0000gn/T//ccRJqdkE.s:19     .text._ZN12TubeScreamer7prepareEf:0000000000000000 $t
/var/folders/yd/h_51qzcj4039f6rvxdz3lvym0000gn/T//ccRJqdkE.s:26     .text._ZN12TubeScreamer7prepareEf:0000000000000000 _ZN12TubeScreamer7prepareEf
/var/folders/yd/h_51qzcj4039f6rvxdz3lvym0000gn/T//ccRJqdkE.s:82     .text._ZN12TubeScreamer7setToneEff:0000000000000000 $t
/var/folders/yd/h_51qzcj4039f6rvxdz3lvym0000gn/T//ccRJqdkE.s:89     .text._ZN12TubeScreamer7setToneEff:0000000000000000 _ZN12TubeScreamer7setToneEff
/var/folders/yd/h_51qzcj4039f6rvxdz3lvym0000gn/T//ccRJqdkE.s:136    .text._ZN12TubeScreamer13processSampleEff:0000000000000000 $t
/var/folders/yd/h_51qzcj4039f6rvxdz3lvym0000gn/T//ccRJqdkE.s:143    .text._ZN12TubeScreamer13processSampleEff:0000000000000000 _ZN12TubeScreamer13processSampleEff

UNDEFINED SYMBOLS
_ZN8RCFilter7prepareEf
_ZN13Oversampler2x7prepareEv
_ZN13ClippingStage7prepareEf
_ZN8RCFilter11setResistorEf
_ZN8RCFilter12setCapacitorEf
_ZN13Oversampler2x8upsampleEfRfS0_
_ZN13ClippingStage13processSampleEff
_ZN8RCFilter13processSampleEf
_ZN13Oversampler2x10downsampleEf
